app/build/outputs/mapping/release/seeds.txt
com.boostermbkking.ks8mods.v2.AboutActivity
com.boostermbkking.ks8mods.v2.AboutActivity: AboutActivity()
com.boostermbkking.ks8mods.v2.AboutActivity: void onClick(android.view.View)
com.boostermbkking.ks8mods.v2.MainActivity
com.boostermbkking.ks8mods.v2.MainActivity: MainActivity()
com.boostermbkking.ks8mods.v2.MainActivity$2: void onClick(android.content.DialogInterface,int)
com.boostermbkking.ks8mods.v2.MainActivity$3: void onClick(android.content.DialogInterface,int)
com.boostermbkking.ks8mods.v2.MyApp
com.boostermbkking.ks8mods.v2.MyApp: MyApp()
com.boostermbkking.ks8mods.v2.PrefsFragment$1: void onClick(android.view.View)
com.boostermbkking.ks8mods.v2.R$anim: int abc_fade_in
com.boostermbkking.ks8mods.v2.R$anim: int abc_fade_out
com.boostermbkking.ks8mods.v2.R$anim: int abc_grow_fade_in_from_bottom
com.boostermbkking.ks8mods.v2.R$anim: int abc_popup_enter
com.boostermbkking.ks8mods.v2.R$anim: int abc_popup_exit
com.boostermbkking.ks8mods.v2.R$anim: int abc_shrink_fade_out_from_bottom
com.boostermbkking.ks8mods.v2.R$anim: int abc_slide_in_bottom
com.boostermbkking.ks8mods.v2.R$anim: int abc_slide_in_top
com.boostermbkking.ks8mods.v2.R$anim: int abc_slide_out_bottom
com.boostermbkking.ks8mods.v2.R$anim: int abc_slide_out_top
com.boostermbkking.ks8mods.v2.R$anim: int abc_tooltip_enter
com.boostermbkking.ks8mods.v2.R$anim: int abc_tooltip_exit
com.boostermbkking.ks8mods.v2.R$anim: int design_bottom_sheet_slide_in
com.boostermbkking.ks8mods.v2.R$anim: int design_bottom_sheet_slide_out
com.boostermbkking.ks8mods.v2.R$anim: int design_snackbar_in
com.boostermbkking.ks8mods.v2.R$anim: int design_snackbar_out
com.boostermbkking.ks8mods.v2.R$anim: int fade_in
com.boostermbkking.ks8mods.v2.R$anim: int fade_out
com.boostermbkking.ks8mods.v2.R$animator: int design_appbar_state_list_animator
com.boostermbkking.ks8mods.v2.R$animator: int fadein
com.boostermbkking.ks8mods.v2.R$animator: int fadeout
com.boostermbkking.ks8mods.v2.R$array: int about_contact_us_drawables
com.boostermbkking.ks8mods.v2.R$array: int about_contact_us_links
com.boostermbkking.ks8mods.v2.R$array: int about_contact_us_text
com.boostermbkking.ks8mods.v2.R$array: int about_credits_drawables
com.boostermbkking.ks8mods.v2.R$array: int about_credits_links
com.boostermbkking.ks8mods.v2.R$array: int about_credits_names
com.boostermbkking.ks8mods.v2.R$array: int about_team_drawables
com.boostermbkking.ks8mods.v2.R$array: int about_team_links
com.boostermbkking.ks8mods.v2.R$array: int about_team_names
com.boostermbkking.ks8mods.v2.R$array: int alarm_drawables
com.boostermbkking.ks8mods.v2.R$array: int alarm_entries
com.boostermbkking.ks8mods.v2.R$array: int alarm_values
com.boostermbkking.ks8mods.v2.R$array: int arrow_position_entries
com.boostermbkking.ks8mods.v2.R$array: int arrow_position_values
com.boostermbkking.ks8mods.v2.R$array: int backup_restore_items
com.boostermbkking.ks8mods.v2.R$array: int battery_bar_entries
com.boostermbkking.ks8mods.v2.R$array: int battery_bar_style_entries
com.boostermbkking.ks8mods.v2.R$array: int battery_bar_style_values
com.boostermbkking.ks8mods.v2.R$array: int battery_bar_thickness_entries
com.boostermbkking.ks8mods.v2.R$array: int battery_bar_thickness_values
com.boostermbkking.ks8mods.v2.R$array: int battery_bar_values
com.boostermbkking.ks8mods.v2.R$array: int button_key_light_entries
com.boostermbkking.ks8mods.v2.R$array: int button_key_light_values
...
android.support.coreui.R$string: int status_bar_notification_info_overflow
android.support.coreui.R$style: int TextAppearance_Compat_Notification
android.support.coreui.R$style: int TextAppearance_Compat_Notification_Info
android.support.coreui.R$style: int TextAppearance_Compat_Notification_Line2
android.support.coreui.R$style: int TextAppearance_Compat_Notification_Time
android.support.coreui.R$style: int TextAppearance_Compat_Notification_Title
android.support.coreui.R$style: int Widget_Compat_NotificationActionContainer
android.support.coreui.R$style: int Widget_Compat_NotificationActionText
android.support.coreui.R$style: int Widget_Support_CoordinatorLayout
android.support.coreui.R$styleable: int[] CoordinatorLayout
android.support.coreui.R$styleable: int CoordinatorLayout_keylines
android.support.coreui.R$styleable: int CoordinatorLayout_statusBarBackground
android.support.coreui.R$styleable: int[] CoordinatorLayout_Layout
android.support.coreui.R$styleable: int CoordinatorLayout_Layout_android_layout_gravity
android.support.coreui.R$styleable: int CoordinatorLayout_Layout_layout_anchor
android.support.coreui.R$styleable: int CoordinatorLayout_Layout_layout_anchorGravity
android.support.coreui.R$styleable: int CoordinatorLayout_Layout_layout_behavior
android.support.coreui.R$styleable: int CoordinatorLayout_Layout_layout_dodgeInsetEdges
android.support.coreui.R$styleable: int CoordinatorLayout_Layout_layout_insetEdge
android.support.coreui.R$styleable: int CoordinatorLayout_Layout_layout_keyline
android.support.coreui.R$styleable: int[] FontFamily
android.support.coreui.R$styleable: int FontFamily_fontProviderAuthority
android.support.coreui.R$styleable: int FontFamily_fontProviderCerts
android.support.coreui.R$styleable: int FontFamily_fontProviderFetchStrategy
android.support.coreui.R$styleable: int FontFamily_fontProviderFetchTimeout
android.support.coreui.R$styleable: int FontFamily_fontProviderPackage
android.support.coreui.R$styleable: int FontFamily_fontProviderQuery
android.support.coreui.R$styleable: int[] FontFamilyFont
android.support.coreui.R$styleable: int FontFamilyFont_android_font
android.support.coreutils.R$attr: int font
android.support.coreutils.R$attr: int fontProviderAuthority
android.support.coreutils.R$attr: int fontProviderCerts
android.support.coreutils.R$attr: int fontProviderFetchStrategy
android.support.coreutils.R$attr: int fontProviderFetchTimeout
android.support.coreutils.R$attr: int fontProviderPackage
android.support.coreutils.R$attr: int fontProviderQuery
android.support.coreutils.R$attr: int fontStyle
android.support.coreutils.R$attr: int fontWeight
android.support.coreutils.R$bool: int abc_action_bar_embed_tabs
android.support.coreutils.R$color: int notification_action_color_filter
android.support.coreutils.R$color: int notification_icon_bg_color
android.support.coreutils.R$color: int ripple_material_light
android.support.coreutils.R$color: int secondary_text_default_material_light