app/build/outputs/mapping/release/mapping.txt
com.boostermbkking.ks8mods.v2.AboutActivity -> com.boostermbkking.ks8mods.v2.AboutActivity:
    java.lang.Integer[] mContactUsIds -> o
    java.lang.Integer[] mTeamIds -> p
    java.lang.Integer[] mCreditsIds -> q
    boolean $assertionsDisabled -> n
    void <init>() -> <init>
    void onCreate(android.os.Bundle) -> onCreate
    void setUpCreditsItems() -> f
    void setUpTeamItems() -> g
    void setUpAboutItems() -> h
    void onClick(android.view.View) -> onClick
    void <clinit>() -> <clinit>
com.boostermbkking.ks8mods.v2.MainActivity -> com.boostermbkking.ks8mods.v2.MainActivity:
    android.app.ProgressDialog mProgressDialog -> q
    android.app.FragmentManager mFragmentManager -> r
    android.content.SharedPreferences mSharedPreferences -> s
    java.util.ArrayList mNavMenuItemsIds -> t
    com.karan.churi.PermissionManager.PermissionManager permissionManager -> n
    com.github.javiersantos.piracychecker.PiracyChecker checker -> u
    boolean KS8pro -> o
    boolean $assertionsDisabled -> p
    void <init>() -> <init>
    void onCreate(android.os.Bundle) -> onCreate
    void onRequestPermissionsResult(int,java.lang.String[],int[]) -> onRequestPermissionsResult
    boolean appInstalledOrNot(java.lang.String) -> a
    void setUpPrefsMenu(android.view.Menu) -> a
    void onBackPressed() -> onBackPressed
    boolean onCreateOptionsMenu(android.view.Menu) -> onCreateOptionsMenu
    boolean onOptionsItemSelected(android.view.MenuItem) -> onOptionsItemSelected
    boolean onNavigationItemSelected(android.view.MenuItem) -> a
    void launchBackupRestoreService(int,java.lang.String) -> a
    void loadPrefsFragment(java.lang.String) -> b
    void onTaskCompleted(boolean) -> b
    void onDialogResult(int) -> b
    void onBackupRestoreResult(int) -> c
    void onPause() -> onPause
    void onRestoreRequested(java.lang.String,boolean) -> a
    android.view.View getDecorView() -> f
    void onDestroy() -> onDestroy
    void <clinit>() -> <clinit>
com.boostermbkking.ks8mods.v2.MainActivity$1 -> com.boostermbkking.ks8mods.v2.MainActivity$1:
    com.boostermbkking.ks8mods.v2.MainActivity this$0 -> a
    void <init>(com.boostermbkking.ks8mods.v2.MainActivity) -> <init>
com.boostermbkking.ks8mods.v2.MainActivity$2 -> com.boostermbkking.ks8mods.v2.MainActivity$2:
    com.boostermbkking.ks8mods.v2.MainActivity this$0 -> a
    void <init>(com.boostermbkking.ks8mods.v2.MainActivity) -> <init>
    void onClick(android.content.DialogInterface,int) -> onClick
com.boostermbkking.ks8mods.v2.MainActivity$3 -> com.boostermbkking.ks8mods.v2.MainActivity$3:
    com.boostermbkking.ks8mods.v2.MainActivity this$0 -> a
    void <init>(com.boostermbkking.ks8mods.v2.MainActivity) -> <init>
    void onClick(android.content.DialogInterface,int) -> onClick
com.boostermbkking.ks8mods.v2.MyApp -> com.boostermbkking.ks8mods.v2.MyApp:
    android.content.Context mContext -> a
    void <init>() -> <init>
    android.content.Context getContext() -> a
    void onCreate() -> onCreate
    void onLowMemory() -> onLowMemory
com.boostermbkking.ks8mods.v2.PrefsFragment -> com.boostermbkking.ks8mods.v2.a:
    java.lang.String LOG_TAG -> a
    android.content.Context mContext -> b
    android.content.SharedPreferences mSharedPreferences -> c
    java.lang.String mUriPreferenceKey -> d
    void <init>() -> <init>
    com.boostermbkking.ks8mods.v2.PrefsFragment newInstance(java.lang.String) -> a
    void onCreate(android.os.Bundle) -> onCreate
    void onActivityResult(int,int,android.content.Intent) -> onActivityResult
    void iteratePrefs(android.preference.PreferenceGroup) -> a
    boolean onPreferenceClick(android.preference.Preference) -> onPreferenceClick
    void onUriSelectionRequested(java.lang.String) -> b
    void <clinit>() -> <clinit>
...
android.support.v7.widget.AppCompatTextView -> android.support.v7.widget.ac:
    android.support.v7.widget.AppCompatBackgroundHelper mBackgroundTintHelper -> b
    android.support.v7.widget.AppCompatTextHelper mTextHelper -> c
    void <init>(android.content.Context) -> <init>
    void <init>(android.content.Context,android.util.AttributeSet) -> <init>
    void <init>(android.content.Context,android.util.AttributeSet,int) -> <init>
    void setBackgroundResource(int) -> setBackgroundResource
    void setBackgroundDrawable(android.graphics.drawable.Drawable) -> setBackgroundDrawable
    void setSupportBackgroundTintList(android.content.res.ColorStateList) -> setSupportBackgroundTintList
    android.content.res.ColorStateList getSupportBackgroundTintList() -> getSupportBackgroundTintList
    void setSupportBackgroundTintMode(android.graphics.PorterDuff$Mode) -> setSupportBackgroundTintMode
    android.graphics.PorterDuff$Mode getSupportBackgroundTintMode() -> getSupportBackgroundTintMode
    void setTextAppearance(android.content.Context,int) -> setTextAppearance
    void drawableStateChanged() -> drawableStateChanged
    void onLayout(boolean,int,int,int,int) -> onLayout
    void setTextSize(int,float) -> setTextSize
    void onTextChanged(java.lang.CharSequence,int,int,int) -> onTextChanged
    void setAutoSizeTextTypeWithDefaults(int) -> setAutoSizeTextTypeWithDefaults
android.support.v7.widget.AppCompatTextViewAutoSizeHelper -> android.support.v7.widget.ad:
    android.graphics.RectF TEMP_RECTF -> i
    java.util.concurrent.ConcurrentHashMap sTextViewMethodByNameCache -> j
    int mAutoSizeTextType -> a
    boolean mNeedsAutoSizeText -> b
    float mAutoSizeStepGranularityInPx -> c
    float mAutoSizeMinTextSizeInPx -> d
    float mAutoSizeMaxTextSizeInPx -> e
    int[] mAutoSizeTextSizesInPx -> f
    boolean mHasPresetAutoSizeValues -> g
    android.text.TextPaint mTempTextPaint -> k
    android.widget.TextView mTextView -> l
    android.content.Context mContext -> h
    void <init>(android.widget.TextView) -> <init>
    boolean setupAutoSizeUniformPresetSizesConfiguration() -> a
    int[] cleanupAutoSizePresetSizes(int[]) -> a
    void validateAndSetAutoSizeTextTypeUniformConfiguration(float,float,float) -> a
    boolean setupAutoSizeText() -> b
    void autoSizeText() -> c
    void setTextSizeInternal(int,float) -> a
    java.lang.Object invokeAndReturnWithDefault(java.lang.Object,java.lang.String,java.lang.Object) -> a
    java.lang.reflect.Method getTextViewMethod(java.lang.String) -> a
    boolean isAutoSizeEnabled() -> d
    boolean supportsAutoSizeText() -> e
    void <clinit>() -> <clinit>
android.support.v7.widget.ButtonBarLayout -> android.support.v7.widget.ButtonBarLayout:
    boolean mAllowStacking -> a
    int mLastWidthSize -> b
    int mMinimumHeight -> c
    void <init>(android.content.Context,android.util.AttributeSet) -> <init>
    void setAllowStacking(boolean) -> setAllowStacking
    void onMeasure(int,int) -> onMeasure
    int getNextVisibleChildIndex(int) -> a
    int getMinimumHeight() -> getMinimumHeight
    void setStacked(boolean) -> setStacked
    boolean isStacked() -> a