app/build/outputs/mapping/release/usage.txt
com.boostermbkking.ks8mods.v2.BuildConfig
com.boostermbkking.ks8mods.v2.R:
    10:10:public R()
com.boostermbkking.ks8mods.v2.R$anim
com.boostermbkking.ks8mods.v2.R$animator
com.boostermbkking.ks8mods.v2.R$array
com.boostermbkking.ks8mods.v2.R$attr
com.boostermbkking.ks8mods.v2.R$bool
com.boostermbkking.ks8mods.v2.R$color
com.boostermbkking.ks8mods.v2.R$dimen
com.boostermbkking.ks8mods.v2.R$drawable
com.boostermbkking.ks8mods.v2.R$id
com.boostermbkking.ks8mods.v2.R$integer
com.boostermbkking.ks8mods.v2.R$layout
com.boostermbkking.ks8mods.v2.R$menu
com.boostermbkking.ks8mods.v2.R$mipmap
com.boostermbkking.ks8mods.v2.R$raw
com.boostermbkking.ks8mods.v2.R$string
com.boostermbkking.ks8mods.v2.R$style
com.boostermbkking.ks8mods.v2.R$styleable:
    4851:4851:public R$styleable()
com.boostermbkking.ks8mods.v2.R$xml
com.boostermbkking.ks8mods.v2.prefs.ColorPickerDialog:
    178:178:public boolean getHexValueEnabled()
com.boostermbkking.ks8mods.v2.prefs.ColorPickerPanelView:
    private static final float BORDER_WIDTH_PX
com.boostermbkking.ks8mods.v2.prefs.ColorPickerPreference:
    294:296:public void setColor(int)
com.boostermbkking.ks8mods.v2.prefs.ColorPickerView:
    private static final int PANEL_SAT_VAL
    private static final int PANEL_HUE
    private static final int PANEL_ALPHA
    private static final float BORDER_WIDTH_PX
com.boostermbkking.ks8mods.v2.prefs.GlobalRestorePreference
com.boostermbkking.ks8mods.v2.prefs.MultipleChoicePreference
com.boostermbkking.ks8mods.v2.prefs.MultipleChoicePreference$1
com.boostermbkking.ks8mods.v2.prefs.MultipleChoicePreference$2
com.boostermbkking.ks8mods.v2.prefs.MultipleChoicePreference$Item
com.boostermbkking.ks8mods.v2.prefs.MultipleChoicePreference$MultipleChoiceAdapter
com.boostermbkking.ks8mods.v2.prefs.MultipleChoicePreference$MultipleChoiceAdapter$GearViewHolder
com.boostermbkking.ks8mods.v2.prefs.MultipleChoicePreference$MultipleChoiceAdapter$GearViewHolder$1
com.boostermbkking.ks8mods.v2.prefs.MultipleChoicePreference$MultipleChoiceAdapter$GearViewHolder$2
com.boostermbkking.ks8mods.v2.prefs.MyMultiSelectPreference
com.boostermbkking.ks8mods.v2.prefs.MyMultiSelectPreference$1
com.boostermbkking.ks8mods.v2.prefs.MyPreferenceCategory
com.boostermbkking.ks8mods.v2.prefs.ThumbnailListPreference:
    158:158:public java.lang.CharSequence[] getEntries()
    162:163:public void setEntries(java.lang.CharSequence[])
    166:166:public java.lang.CharSequence[] getEntryValues()
    170:171:public void setEntryValues(java.lang.CharSequence[])
    174:174:public android.graphics.drawable.Drawable[] getDrawableArray()
    178:179:public void setDrawableArray(android.graphics.drawable.Drawable[])
com.boostermbkking.ks8mods.v2.prefs.UriSelectionPreference:
    49:49:public com.boostermbkking.ks8mods.v2.prefs.UriSelectionPreference$OnUriSelectionRequestedListener getOnUriSelectionRequestedListener()
com.boostermbkking.ks8mods.v2.utils.BackupRestoreIntentService$LocalReceiver:
    static final java.lang.String BACKUP_COMPLETE_ACTION
    static final java.lang.String RESTORE_COMPLETE_ACTION
...
android.support.fragment.R$attr
android.support.fragment.R$bool
android.support.fragment.R$color
android.support.fragment.R$dimen
android.support.fragment.R$drawable
android.support.fragment.R$id
android.support.fragment.R$integer
android.support.fragment.R$layout
android.support.fragment.R$string
android.support.fragment.R$style
android.support.fragment.R$styleable
android.support.graphics.drawable.AndroidResources:
    static final int STYLEABLE_VECTOR_DRAWABLE_ALPHA
    static final int STYLEABLE_VECTOR_DRAWABLE_AUTO_MIRRORED
    static final int STYLEABLE_VECTOR_DRAWABLE_HEIGHT
    static final int STYLEABLE_VECTOR_DRAWABLE_NAME
    static final int STYLEABLE_VECTOR_DRAWABLE_TINT
    static final int STYLEABLE_VECTOR_DRAWABLE_TINT_MODE
    static final int STYLEABLE_VECTOR_DRAWABLE_VIEWPORT_HEIGHT
    static final int STYLEABLE_VECTOR_DRAWABLE_VIEWPORT_WIDTH
    static final int STYLEABLE_VECTOR_DRAWABLE_WIDTH
    static final int STYLEABLE_VECTOR_DRAWABLE_GROUP_NAME
    static final int STYLEABLE_VECTOR_DRAWABLE_GROUP_PIVOT_X
    static final int STYLEABLE_VECTOR_DRAWABLE_GROUP_PIVOT_Y
    static final int STYLEABLE_VECTOR_DRAWABLE_GROUP_ROTATION
    static final int STYLEABLE_VECTOR_DRAWABLE_GROUP_SCALE_X
    static final int STYLEABLE_VECTOR_DRAWABLE_GROUP_SCALE_Y
    static final int STYLEABLE_VECTOR_DRAWABLE_GROUP_TRANSLATE_X
    static final int STYLEABLE_VECTOR_DRAWABLE_GROUP_TRANSLATE_Y
    static final int STYLEABLE_VECTOR_DRAWABLE_PATH_FILL_ALPHA
    static final int STYLEABLE_VECTOR_DRAWABLE_PATH_FILL_COLOR
    static final int STYLEABLE_VECTOR_DRAWABLE_PATH_NAME
    static final int STYLEABLE_VECTOR_DRAWABLE_PATH_PATH_DATA
    static final int STYLEABLE_VECTOR_DRAWABLE_PATH_STROKE_ALPHA
    static final int STYLEABLE_VECTOR_DRAWABLE_PATH_STROKE_COLOR
    static final int STYLEABLE_VECTOR_DRAWABLE_PATH_STROKE_LINE_CAP
android.support.graphics.drawable.Animatable2Compat:
    public abstract void registerAnimationCallback(android.support.graphics.drawable.Animatable2Compat$AnimationCallback)
    public abstract boolean unregisterAnimationCallback(android.support.graphics.drawable.Animatable2Compat$AnimationCallback)
    public abstract void clearAnimationCallbacks()
android.support.graphics.drawable.Animatable2Compat$AnimationCallback
android.support.graphics.drawable.Animatable2Compat$AnimationCallback$1
android.support.graphics.drawable.AnimatedVectorDrawableCompat:
    private static final java.lang.String LOGTAG
    private static final java.lang.String ANIMATED_VECTOR
    private static final java.lang.String TARGET
    private static final boolean DBG_ANIMATION_VECTOR_DRAWABLE
    android.support.graphics.drawable.AnimatedVectorDrawableCompat$AnimatedVectorDrawableDelegateState mCachedConstantStateDelegate
    208:237:public static android.support.graphics.drawable.AnimatedVectorDrawableCompat create(android.content.Context,int)
    743:743:private static boolean unregisterPlatformCallback(android.graphics.drawable.AnimatedVectorDrawable,android.support.graphics.drawable.Animatable2Compat$AnimationCallback)
    749:797:public void registerAnimationCallback(android.support.graphics.drawable.Animatable2Compat$AnimationCallback)
    806:807:private static void registerPlatformCallback(android.graphics.drawable.AnimatedVectorDrawable,android.support.graphics.drawable.Animatable2Compat$AnimationCallback)
    813:817:private void removeAnimatorSetListener()
    822:837:public boolean unregisterAnimationCallback(android.support.graphics.drawable.Animatable2Compat$AnimationCallback)
    842:853:public void clearAnimationCallbacks()
    863:875:public static void registerAnimationCallback(android.graphics.drawable.Drawable,android.support.graphics.drawable.Animatable2Compat$AnimationCallback)
android.support.graphics.drawable.AnimatedVectorDrawableCompat$2
android.support.graphics.drawable.AnimationUtilsCompat:
    55:55:public AnimationUtilsCompat()